[INFO ] 2019-11-01T01:37:43,250Z [Test worker] cordapp.CordappLoader.apply - Generating a test-only CorDapp of classes discovered for package com.qn7265.trade in file:/home/ec2-user/environment/cordapp/qn7265-contracts-new/build/classes/kotlin/test/com/qn7265/trade: build/tmp/generated-test-cordapps/com.qn7265.trade-15f3e17e-50ee-48ce-80f6-09b3e63ebb07.jar {}
[INFO ] 2019-11-01T01:37:43,473Z [Test worker] cordapp.CordappLoader.apply - Generating a test-only CorDapp of classes discovered for package com.qn7265.trade in file:/home/ec2-user/environment/cordapp/qn7265-contracts-new/build/classes/kotlin/main/com/qn7265/trade: build/tmp/generated-test-cordapps/com.qn7265.trade-c02a48ad-6693-4a4a-b4e9-ed01a192988f.jar {}
[INFO ] 2019-11-01T01:37:43,523Z [Test worker] cordapp.CordappLoader.<init> - Loading CorDapps from RestrictedURL(url=file:/home/ec2-user/environment/cordapp/qn7265-contracts-new/build/tmp/generated-test-cordapps/com.qn7265.trade-15f3e17e-50ee-48ce-80f6-09b3e63ebb07.jar, rootPackageName=null), RestrictedURL(url=file:/home/ec2-user/environment/cordapp/qn7265-contracts-new/build/tmp/generated-test-cordapps/com.qn7265.trade-c02a48ad-6693-4a4a-b4e9-ed01a192988f.jar, rootPackageName=null) {}
[INFO ] 2019-11-01T01:37:43,563Z [Test worker] cordapp.CordappLoader.scanCordapp - Scanning CorDapp in file:/home/ec2-user/environment/cordapp/qn7265-contracts-new/build/tmp/generated-test-cordapps/com.qn7265.trade-15f3e17e-50ee-48ce-80f6-09b3e63ebb07.jar {}
[INFO ] 2019-11-01T01:37:43,665Z [Test worker] cordapp.CordappLoader.scanCordapp - Scanning CorDapp in file:/home/ec2-user/environment/cordapp/qn7265-contracts-new/build/tmp/generated-test-cordapps/com.qn7265.trade-c02a48ad-6693-4a4a-b4e9-ed01a192988f.jar {}
[WARN ] 2019-11-01T01:37:43,817Z [Test worker] cordapp.CordappProviderImpl.verifyInstalledCordapps - The network parameters don't specify any whitelisted contract implementations. Please contact your zone operator. See https://docs.corda.net/network-map.html {}
[WARN ] 2019-11-01T01:37:48,549Z [Test worker] cordapp.CordappProviderImpl.verifyInstalledCordapps - The network parameters don't specify any whitelisted contract implementations. Please contact your zone operator. See https://docs.corda.net/network-map.html {}
[WARN ] 2019-11-01T01:37:48,928Z [Test worker] cordapp.CordappProviderImpl.verifyInstalledCordapps - The network parameters don't specify any whitelisted contract implementations. Please contact your zone operator. See https://docs.corda.net/network-map.html {}
[WARN ] 2019-11-01T01:37:49,160Z [Test worker] cordapp.CordappProviderImpl.verifyInstalledCordapps - The network parameters don't specify any whitelisted contract implementations. Please contact your zone operator. See https://docs.corda.net/network-map.html {}
[WARN ] 2019-11-01T01:37:49,284Z [Test worker] cordapp.CordappProviderImpl.verifyInstalledCordapps - The network parameters don't specify any whitelisted contract implementations. Please contact your zone operator. See https://docs.corda.net/network-map.html {}
[WARN ] 2019-11-01T01:37:49,492Z [Test worker] cordapp.CordappProviderImpl.verifyInstalledCordapps - The network parameters don't specify any whitelisted contract implementations. Please contact your zone operator. See https://docs.corda.net/network-map.html {}
[INFO ] 2019-11-01T01:37:49,602Z [Test worker] cordapp.CordappLoader.<init> - Loading CorDapps from RestrictedURL(url=file:/home/ec2-user/environment/cordapp/qn7265-contracts-new/build/tmp/generated-test-cordapps/com.qn7265.trade-15f3e17e-50ee-48ce-80f6-09b3e63ebb07.jar, rootPackageName=null), RestrictedURL(url=file:/home/ec2-user/environment/cordapp/qn7265-contracts-new/build/tmp/generated-test-cordapps/com.qn7265.trade-c02a48ad-6693-4a4a-b4e9-ed01a192988f.jar, rootPackageName=null), RestrictedURL(url=file:/home/ec2-user/environment/cordapp/libs/prides.jar, rootPackageName=com.twig) {}
[INFO ] 2019-11-01T01:37:49,609Z [Test worker] cordapp.CordappLoader.scanCordapp - Scanning CorDapp in file:/home/ec2-user/environment/cordapp/qn7265-contracts-new/build/tmp/generated-test-cordapps/com.qn7265.trade-15f3e17e-50ee-48ce-80f6-09b3e63ebb07.jar {}
[INFO ] 2019-11-01T01:37:49,633Z [Test worker] cordapp.CordappLoader.scanCordapp - Scanning CorDapp in file:/home/ec2-user/environment/cordapp/qn7265-contracts-new/build/tmp/generated-test-cordapps/com.qn7265.trade-c02a48ad-6693-4a4a-b4e9-ed01a192988f.jar {}
[INFO ] 2019-11-01T01:37:49,659Z [Test worker] cordapp.CordappLoader.scanCordapp - Scanning CorDapp in file:/home/ec2-user/environment/cordapp/libs/prides.jar {}
[WARN ] 2019-11-01T01:37:49,806Z [Test worker] cordapp.CordappProviderImpl.verifyInstalledCordapps - The network parameters don't specify any whitelisted contract implementations. Please contact your zone operator. See https://docs.corda.net/network-map.html {}
[WARN ] 2019-11-01T01:37:50,422Z [Test worker] cordapp.CordappProviderImpl.verifyInstalledCordapps - The network parameters don't specify any whitelisted contract implementations. Please contact your zone operator. See https://docs.corda.net/network-map.html {}
[WARN ] 2019-11-01T01:37:50,724Z [Test worker] cordapp.CordappProviderImpl.verifyInstalledCordapps - The network parameters don't specify any whitelisted contract implementations. Please contact your zone operator. See https://docs.corda.net/network-map.html {}
[WARN ] 2019-11-01T01:37:50,895Z [Test worker] cordapp.CordappProviderImpl.verifyInstalledCordapps - The network parameters don't specify any whitelisted contract implementations. Please contact your zone operator. See https://docs.corda.net/network-map.html {}
[WARN ] 2019-11-01T01:37:51,090Z [Test worker] cordapp.CordappProviderImpl.verifyInstalledCordapps - The network parameters don't specify any whitelisted contract implementations. Please contact your zone operator. See https://docs.corda.net/network-map.html {}
